<?xml version="1.0" encoding="UTF-8"?>
<testng-results ignored="0" total="2" passed="2" failed="0" skipped="0">
  <reporter-output>
  </reporter-output>
  <suite started-at="2024-12-01T19:46:43 IST" name="DockerGoogleSelenium" finished-at="2024-12-01T19:46:48 IST" duration-ms="5062">
    <groups>
    </groups>
    <test started-at="2024-12-01T19:46:43 IST" name="GoogleHomePageTest1" finished-at="2024-12-01T19:46:48 IST" duration-ms="5062">
      <class name="LoginTest">
        <test-method is-config="true" signature="setup()[pri:0, instance:LoginTest@68999068]" started-at="2024-12-01T19:46:43 IST" name="setup" finished-at="2024-12-01T19:46:45 IST" duration-ms="2129" status="PASS">
          <reporter-output>
          </reporter-output>
        </test-method> <!-- setup -->
        <test-method signature="testLoginFailure()[pri:0, instance:LoginTest@68999068]" started-at="2024-12-01T19:46:45 IST" name="testLoginFailure" finished-at="2024-12-01T19:46:46 IST" duration-ms="512" status="PASS">
          <reporter-output>
          </reporter-output>
        </test-method> <!-- testLoginFailure -->
        <test-method is-config="true" signature="teardown()[pri:0, instance:LoginTest@68999068]" started-at="2024-12-01T19:46:46 IST" name="teardown" finished-at="2024-12-01T19:46:46 IST" duration-ms="149" status="PASS">
          <reporter-output>
          </reporter-output>
        </test-method> <!-- teardown -->
        <test-method is-config="true" signature="setup()[pri:0, instance:LoginTest@68999068]" started-at="2024-12-01T19:46:46 IST" name="setup" finished-at="2024-12-01T19:46:47 IST" duration-ms="1580" status="PASS">
          <reporter-output>
          </reporter-output>
        </test-method> <!-- setup -->
        <test-method signature="testLoginSuccess()[pri:0, instance:LoginTest@68999068]" started-at="2024-12-01T19:46:47 IST" name="testLoginSuccess" finished-at="2024-12-01T19:46:48 IST" duration-ms="499" status="PASS">
          <reporter-output>
          </reporter-output>
        </test-method> <!-- testLoginSuccess -->
        <test-method is-config="true" signature="teardown()[pri:0, instance:LoginTest@68999068]" started-at="2024-12-01T19:46:48 IST" name="teardown" finished-at="2024-12-01T19:46:48 IST" duration-ms="147" status="PASS">
          <reporter-output>
          </reporter-output>
        </test-method> <!-- teardown -->
      </class> <!-- LoginTest -->
    </test> <!-- GoogleHomePageTest1 -->
  </suite> <!-- DockerGoogleSelenium -->
</testng-results>
